<?xml version="1.0" encoding="UTF-8"?>
<!-- Generated by org.testng.reporters.JUnitReportReporter -->
<testsuite hostname="Radhagobinda" failures="0" tests="1" name="Testscripts.Testcase" time="60.148" errors="0" timestamp="2023-08-03T06:23:40 IST" skipped="0">
  <testcase classname="Testscripts.Testcase" name="tc01" time="60.148"/>
  <system-out/>
</testsuite> <!-- Testscripts.Testcase -->
